<?xml version="1.0" encoding="UTF-8"?>
<!-- Generated by org.testng.reporters.JUnitReportReporter -->
<testsuite ignored="0" hostname="MacBook-Pro-de-nelly.local" failures="0" tests="1" name="Test.TestNGj" time="0.009" errors="0" timestamp="07 nov. 2020 18:01:34 GMT" skipped="0">
  <testcase classname="Test.TestNGj" name="f" time="0.009"/>
</testsuite> <!-- Test.TestNGj -->
